# JRE version: Java(TM) SE Runtime Environment (8.0_91-b14) (build 1.8.0_91-b14)
# Java VM: Java HotSpot(TM) Client VM (25.91-b14 mixed mode windows-x86 )
Heap:
 def new generation   total 16128K, used 14191K [0x04800000, 0x05980000, 0x09d50000)
  eden space 14336K,  94% used [0x04800000, 0x05544c08, 0x05600000)
  from space 1792K,  33% used [0x057c0000, 0x05857288, 0x05980000)
  to   space 1792K,   0% used [0x05600000, 0x05600000, 0x057c0000)
 tenured generation   total 35812K, used 31129K [0x09d50000, 0x0c049000, 0x14800000)
   the space 35812K,  86% used [0x09d50000, 0x0bbb67d0, 0x0bbb6800, 0x0c049000)
 Metaspace       used 14488K, capacity 15221K, committed 15232K, reserved 15744K
GC Heap History (10 events):
Event: 17.786 GC heap before
{Heap before GC invocations=89 (full 3):
 def new generation   total 16128K, used 16126K [0x04800000, 0x05980000, 0x09d50000)
  eden space 14336K,  99% used [0x04800000, 0x055ffbe8, 0x05600000)
  from space 1792K, 100% used [0x05600000, 0x057c0000, 0x057c0000)
  to   space 1792K,   0% used [0x057c0000, 0x057c0000, 0x05980000)
 tenured generation   total 35812K, used 23456K [0x09d50000, 0x0c049000, 0x14800000)
   the space 35812K,  65% used [0x09d50000, 0x0b4383e8, 0x0b438400, 0x0c049000)
 Metaspace       used 14467K, capacity 15221K, committed 15232K, reserved 15744K
Event: 17.791 GC heap after
Heap after GC invocations=90 (full 3):
 def new generation   total 16128K, used 1792K [0x04800000, 0x05980000, 0x09d50000)
  eden space 14336K,   0% used [0x04800000, 0x04800000, 0x05600000)
  from space 1792K, 100% used [0x057c0000, 0x05980000, 0x05980000)
  to   space 1792K,   0% used [0x05600000, 0x05600000, 0x057c0000)
 tenured generation   total 35812K, used 25257K [0x09d50000, 0x0c049000, 0x14800000)
   the space 35812K,  70% used [0x09d50000, 0x0b5fa660, 0x0b5fa800, 0x0c049000)
 Metaspace       used 14467K, capacity 15221K, committed 15232K, reserved 15744K
}
Event: 19.967 GC heap before
{Heap before GC invocations=90 (full 3):
 def new generation   total 16128K, used 16128K [0x04800000, 0x05980000, 0x09d50000)
  eden space 14336K, 100% used [0x04800000, 0x05600000, 0x05600000)
  from space 1792K, 100% used [0x057c0000, 0x05980000, 0x05980000)
  to   space 1792K,   0% used [0x05600000, 0x05600000, 0x057c0000)
 tenured generation   total 35812K, used 25257K [0x09d50000, 0x0c049000, 0x14800000)
   the space 35812K,  70% used [0x09d50000, 0x0b5fa660, 0x0b5fa800, 0x0c049000)
 Metaspace       used 14467K, capacity 15221K, committed 15232K, reserved 15744K
Event: 19.970 GC heap after
Heap after GC invocations=91 (full 3):
 def new generation   total 16128K, used 1216K [0x04800000, 0x05980000, 0x09d50000)
  eden space 14336K,   0% used [0x04800000, 0x04800000, 0x05600000)
  from space 1792K,  67% used [0x05600000, 0x057301c8, 0x057c0000)
  to   space 1792K,   0% used [0x057c0000, 0x057c0000, 0x05980000)
 tenured generation   total 35812K, used 26658K [0x09d50000, 0x0c049000, 0x14800000)
   the space 35812K,  74% used [0x09d50000, 0x0b758958, 0x0b758a00, 0x0c049000)
 Metaspace       used 14467K, capacity 15221K, committed 15232K, reserved 15744K
}
Event: 20.695 GC heap before
{Heap before GC invocations=91 (full 3):
 def new generation   total 16128K, used 15552K [0x04800000, 0x05980000, 0x09d50000)
  eden space 14336K, 100% used [0x04800000, 0x05600000, 0x05600000)
  from space 1792K,  67% used [0x05600000, 0x057301c8, 0x057c0000)
  to   space 1792K,   0% used [0x057c0000, 0x057c0000, 0x05980000)
 tenured generation   total 35812K, used 26658K [0x09d50000, 0x0c049000, 0x14800000)
   the space 35812K,  74% used [0x09d50000, 0x0b758958, 0x0b758a00, 0x0c049000)
 Metaspace       used 14481K, capacity 15221K, committed 15232K, reserved 15744K
Event: 20.699 GC heap after
Heap after GC invocations=92 (full 3):
 def new generation   total 16128K, used 1357K [0x04800000, 0x05980000, 0x09d50000)
  eden space 14336K,   0% used [0x04800000, 0x04800000, 0x05600000)
  from space 1792K,  75% used [0x057c0000, 0x05913768, 0x05980000)
  to   space 1792K,   0% used [0x05600000, 0x05600000, 0x057c0000)
 tenured generation   total 35812K, used 27782K [0x09d50000, 0x0c049000, 0x14800000)
   the space 35812K,  77% used [0x09d50000, 0x0b871898, 0x0b871a00, 0x0c049000)
 Metaspace       used 14481K, capacity 15221K, committed 15232K, reserved 15744K
}
Event: 20.978 GC heap before
{Heap before GC invocations=92 (full 3):
 def new generation   total 16128K, used 15693K [0x04800000, 0x05980000, 0x09d50000)
  eden space 14336K, 100% used [0x04800000, 0x05600000, 0x05600000)
  from space 1792K,  75% used [0x057c0000, 0x05913768, 0x05980000)
  to   space 1792K,   0% used [0x05600000, 0x05600000, 0x057c0000)
 tenured generation   total 35812K, used 27782K [0x09d50000, 0x0c049000, 0x14800000)
   the space 35812K,  77% used [0x09d50000, 0x0b871898, 0x0b871a00, 0x0c049000)
 Metaspace       used 14481K, capacity 15221K, committed 15232K, reserved 15744K
Event: 20.980 GC heap after
Heap after GC invocations=93 (full 3):
 def new generation   total 16128K, used 159K [0x04800000, 0x05980000, 0x09d50000)
  eden space 14336K,   0% used [0x04800000, 0x04800000, 0x05600000)
  from space 1792K,   8% used [0x05600000, 0x05627ee0, 0x057c0000)
  to   space 1792K,   0% used [0x057c0000, 0x057c0000, 0x05980000)
 tenured generation   total 35812K, used 29020K [0x09d50000, 0x0c049000, 0x14800000)
   the space 35812K,  81% used [0x09d50000, 0x0b9a7240, 0x0b9a7400, 0x0c049000)
 Metaspace       used 14481K, capacity 15221K, committed 15232K, reserved 15744K
}
Event: 21.161 GC heap before
{Heap before GC invocations=93 (full 3):
 def new generation   total 16128K, used 12563K [0x04800000, 0x05980000, 0x09d50000)
  eden space 14336K,  86% used [0x04800000, 0x0541cd78, 0x05600000)
  from space 1792K,   8% used [0x05600000, 0x05627ee0, 0x057c0000)
  to   space 1792K,   0% used [0x057c0000, 0x057c0000, 0x05980000)
 tenured generation   total 35812K, used 29020K [0x09d50000, 0x0c049000, 0x14800000)
   the space 35812K,  81% used [0x09d50000, 0x0b9a7240, 0x0b9a7400, 0x0c049000)
 Metaspace       used 14488K, capacity 15221K, committed 15232K, reserved 15744K
Event: 21.164 GC heap after
Heap after GC invocations=94 (full 3):
 def new generation   total 16128K, used 604K [0x04800000, 0x05980000, 0x09d50000)
  eden space 14336K,   0% used [0x04800000, 0x04800000, 0x05600000)
  from space 1792K,  33% used [0x057c0000, 0x05857288, 0x05980000)
  to   space 1792K,   0% used [0x05600000, 0x05600000, 0x057c0000)
 tenured generation   total 35812K, used 31129K [0x09d50000, 0x0c049000, 0x14800000)
   the space 35812K,  86% used [0x09d50000, 0x0bbb67d0, 0x0bbb6800, 0x0c049000)
 Metaspace       used 14488K, capacity 15221K, committed 15232K, reserved 15744K
}

